nohup: ignoring input
2025-11-14 00:34:15,838 - text_processor - INFO - Downloading NLTK resources...
[nltk_data] Downloading package punkt to /home/dk/nltk_data...
[nltk_data]   Package punkt is already up-to-date!
[nltk_data] Downloading package stopwords to /home/dk/nltk_data...
[nltk_data]   Package stopwords is already up-to-date!
[nltk_data] Downloading package wordnet to /home/dk/nltk_data...
[nltk_data]   Package wordnet is already up-to-date!
2025-11-14 00:34:15,968 - sentiment_analyzer - INFO - Downloading NLTK resources...
[nltk_data] Downloading package vader_lexicon to /home/dk/nltk_data...
[nltk_data]   Package vader_lexicon is already up-to-date!
[nltk_data] Downloading package punkt to /home/dk/nltk_data...
[nltk_data]   Package punkt is already up-to-date!
2025-11-14 00:34:15,969 - logging_config - INFO - Logging system initialized
2025-11-14 00:34:15,970 - document_processor - WARNING - Using GROBID URL: http://localhost:8070
2025-11-14 00:34:15,970 - grobid_client - WARNING - Using GROBID URL: http://localhost:8070
2025-11-14 00:34:15,971 - grobid_client - ERROR - Unable to connect to GROBID service: http://localhost:8070, error: HTTPConnectionPool(host='localhost', port=8070): Max retries exceeded with url: /api/version (Caused by NewConnectionError('<urllib3.connection.HTTPConnection object at 0x7f43801b9fd0>: Failed to establish a new connection: [Errno 111] Connection refused'))
2025-11-14 00:34:15,980 - logging_config - INFO - Starting server on port 5000, debug=False
Created/verified log directory at: /home/dk/code/projects/scholar_sense/apps/backend/logs
Created/verified log directory at: /home/dk/code/projects/scholar_sense/apps/backend/logs
 * Serving Flask app 'app'
 * Debug mode: off
Address already in use
Port 5000 is in use by another program. Either identify and stop that program, or start the server with a different port.
